[16-May-2020 17:09:00 UTC] PHP Warning:  require(/home/arduinop/public_html/../arduino/vendor/autoload.php): failed to open stream: Permission denied in /home/arduinop/public_html/index.php on line 24
[16-May-2020 17:09:00 UTC] PHP Fatal error:  require(): Failed opening required '/home/arduinop/public_html/../arduino/vendor/autoload.php' (include_path='.:/opt/alt/php74/usr/share/pear') in /home/arduinop/public_html/index.php on line 24
[16-May-2020 17:09:19 UTC] PHP Warning:  require(/home/arduinop/public_html/../arduino/vendor/autoload.php): failed to open stream: Permission denied in /home/arduinop/public_html/index.php on line 24
[16-May-2020 17:09:19 UTC] PHP Fatal error:  require(): Failed opening required '/home/arduinop/public_html/../arduino/vendor/autoload.php' (include_path='.:/opt/alt/php74/usr/share/pear') in /home/arduinop/public_html/index.php on line 24
[16-May-2020 17:09:22 UTC] PHP Warning:  require(/home/arduinop/public_html/../arduino/vendor/autoload.php): failed to open stream: Permission denied in /home/arduinop/public_html/index.php on line 24
[16-May-2020 17:09:22 UTC] PHP Fatal error:  require(): Failed opening required '/home/arduinop/public_html/../arduino/vendor/autoload.php' (include_path='.:/opt/alt/php74/usr/share/pear') in /home/arduinop/public_html/index.php on line 24
[17-May-2020 14:00:07 UTC] PHP Warning:  symlink(): File exists in /home/arduinop/public_html/createsymlink.php on line 2
[17-May-2020 14:22:17 UTC] PHP Warning:  symlink(): File exists in /home/arduinop/public_html/createsymlink.php on line 2
[17-May-2020 14:26:27 UTC] PHP Warning:  symlink(): File exists in /home/arduinop/public_html/createsymlink.php on line 2
[17-May-2020 14:26:31 UTC] PHP Warning:  symlink(): File exists in /home/arduinop/public_html/createsymlink.php on line 2
[17-May-2020 14:39:13 UTC] PHP Warning:  symlink(): No such file or directory in /home/arduinop/public_html/createsymlink.php on line 5
[17-May-2020 14:41:01 UTC] PHP Warning:  symlink(): No such file or directory in /home/arduinop/public_html/createsymlink.php on line 5
[20-May-2020 12:17:36 UTC] PHP Warning:  symlink(): No such file or directory in /home/arduinop/public_html/createsymlink.php on line 5
[20-May-2020 12:36:48 UTC] PHP Warning:  symlink(): No such file or directory in /home/arduinop/public_html/symlink.php on line 5
[20-May-2020 12:47:47 UTC] PHP Warning:  symlink(): No such file or directory in /home/arduinop/public_html/symlink.php on line 5
[20-May-2020 12:49:48 UTC] PHP Warning:  symlink(): No such file or directory in /home/arduinop/public_html/symlink.php on line 5
[20-May-2020 13:04:54 UTC] PHP Warning:  symlink(): No such file or directory in /home/arduinop/public_html/symlink.php on line 5
[20-May-2020 18:19:03 UTC] PHP Warning:  symlink(): No such file or directory in /home/arduinop/public_html/symlink.php on line 5
[20-May-2020 18:20:17 UTC] PHP Warning:  symlink(): No such file or directory in /home/arduinop/public_html/symlink.php on line 5
[20-May-2020 18:27:48 UTC] PHP Warning:  symlink(): No such file or directory in /home/arduinop/public_html/symlink.php on line 5
[20-May-2020 20:43:47 UTC] PHP Warning:  symlink(): No such file or directory in /home/arduinop/public_html/symlink.php on line 5
[20-May-2020 20:46:07 UTC] PHP Warning:  symlink(): No such file or directory in /home/arduinop/public_html/symlink.php on line 5
[20-May-2020 21:05:28 UTC] PHP Warning:  symlink(): No such file or directory in /home/arduinop/public_html/symlink.php on line 5
[21-May-2020 14:29:28 UTC] PHP Warning:  symlink(): No such file or directory in /home/arduinop/public_html/symlink.php on line 5
[21-May-2020 14:33:03 UTC] PHP Warning:  symlink(): No such file or directory in /home/arduinop/public_html/symlink.php on line 5
[21-May-2020 16:46:16 UTC] PHP Warning:  symlink(): No such file or directory in /home/arduinop/public_html/symlink.php on line 5
[21-May-2020 16:47:57 UTC] PHP Warning:  symlink(): No such file or directory in /home/arduinop/public_html/symlink.php on line 5
[21-May-2020 16:48:25 UTC] PHP Warning:  symlink(): No such file or directory in /home/arduinop/public_html/symlink.php on line 5
[21-May-2020 16:49:39 UTC] PHP Warning:  symlink(): No such file or directory in /home/arduinop/public_html/symlink.php on line 5
[21-May-2020 17:03:14 UTC] PHP Warning:  symlink(): No such file or directory in /home/arduinop/public_html/symlink.php on line 5
[16-Dec-2020 18:59:26 UTC] PHP Warning:  require(/home/arduinop/public_html/my.arduinopagalba.lt/../arduino_test/vendor/autoload.php): failed to open stream: No such file or directory in /home/arduinop/public_html/my.arduinopagalba.lt/index.php on line 24
[16-Dec-2020 18:59:26 UTC] PHP Warning:  require(/home/arduinop/public_html/my.arduinopagalba.lt/../arduino_test/vendor/autoload.php): failed to open stream: No such file or directory in /home/arduinop/public_html/my.arduinopagalba.lt/index.php on line 24
[16-Dec-2020 18:59:26 UTC] PHP Fatal error:  require(): Failed opening required '/home/arduinop/public_html/my.arduinopagalba.lt/../arduino_test/vendor/autoload.php' (include_path='.:/opt/alt/php72/usr/share/pear') in /home/arduinop/public_html/my.arduinopagalba.lt/index.php on line 24
[16-Dec-2020 19:00:33 UTC] PHP Warning:  require(/home/arduinop/public_html/my.arduinopagalba.lt/../arduino_test/vendor/autoload.php): failed to open stream: No such file or directory in /home/arduinop/public_html/my.arduinopagalba.lt/index.php on line 24
[16-Dec-2020 19:00:33 UTC] PHP Warning:  require(/home/arduinop/public_html/my.arduinopagalba.lt/../arduino_test/vendor/autoload.php): failed to open stream: No such file or directory in /home/arduinop/public_html/my.arduinopagalba.lt/index.php on line 24
[16-Dec-2020 19:00:33 UTC] PHP Fatal error:  require(): Failed opening required '/home/arduinop/public_html/my.arduinopagalba.lt/../arduino_test/vendor/autoload.php' (include_path='.:/opt/alt/php72/usr/share/pear') in /home/arduinop/public_html/my.arduinopagalba.lt/index.php on line 24
[16-Dec-2020 19:00:33 UTC] PHP Warning:  require(/home/arduinop/public_html/my.arduinopagalba.lt/../arduino_test/vendor/autoload.php): failed to open stream: No such file or directory in /home/arduinop/public_html/my.arduinopagalba.lt/index.php on line 24
[16-Dec-2020 19:00:33 UTC] PHP Warning:  require(/home/arduinop/public_html/my.arduinopagalba.lt/../arduino_test/vendor/autoload.php): failed to open stream: No such file or directory in /home/arduinop/public_html/my.arduinopagalba.lt/index.php on line 24
[16-Dec-2020 19:00:33 UTC] PHP Fatal error:  require(): Failed opening required '/home/arduinop/public_html/my.arduinopagalba.lt/../arduino_test/vendor/autoload.php' (include_path='.:/opt/alt/php72/usr/share/pear') in /home/arduinop/public_html/my.arduinopagalba.lt/index.php on line 24
[16-Dec-2020 19:00:33 UTC] PHP Warning:  require(/home/arduinop/public_html/my.arduinopagalba.lt/../arduino_test/vendor/autoload.php): failed to open stream: No such file or directory in /home/arduinop/public_html/my.arduinopagalba.lt/index.php on line 24
[16-Dec-2020 19:00:33 UTC] PHP Warning:  require(/home/arduinop/public_html/my.arduinopagalba.lt/../arduino_test/vendor/autoload.php): failed to open stream: No such file or directory in /home/arduinop/public_html/my.arduinopagalba.lt/index.php on line 24
[16-Dec-2020 19:00:33 UTC] PHP Fatal error:  require(): Failed opening required '/home/arduinop/public_html/my.arduinopagalba.lt/../arduino_test/vendor/autoload.php' (include_path='.:/opt/alt/php72/usr/share/pear') in /home/arduinop/public_html/my.arduinopagalba.lt/index.php on line 24
[16-Dec-2020 19:00:33 UTC] PHP Warning:  require(/home/arduinop/public_html/my.arduinopagalba.lt/../arduino_test/vendor/autoload.php): failed to open stream: No such file or directory in /home/arduinop/public_html/my.arduinopagalba.lt/index.php on line 24
[16-Dec-2020 19:00:33 UTC] PHP Warning:  require(/home/arduinop/public_html/my.arduinopagalba.lt/../arduino_test/vendor/autoload.php): failed to open stream: No such file or directory in /home/arduinop/public_html/my.arduinopagalba.lt/index.php on line 24
[16-Dec-2020 19:00:33 UTC] PHP Fatal error:  require(): Failed opening required '/home/arduinop/public_html/my.arduinopagalba.lt/../arduino_test/vendor/autoload.php' (include_path='.:/opt/alt/php72/usr/share/pear') in /home/arduinop/public_html/my.arduinopagalba.lt/index.php on line 24
[16-Dec-2020 19:01:14 UTC] PHP Warning:  require(/home/arduinop/public_html/my.arduinopagalba.lt/../arduino_test/vendor/autoload.php): failed to open stream: No such file or directory in /home/arduinop/public_html/my.arduinopagalba.lt/index.php on line 24
[16-Dec-2020 19:01:14 UTC] PHP Warning:  require(/home/arduinop/public_html/my.arduinopagalba.lt/../arduino_test/vendor/autoload.php): failed to open stream: No such file or directory in /home/arduinop/public_html/my.arduinopagalba.lt/index.php on line 24
[16-Dec-2020 19:01:14 UTC] PHP Fatal error:  require(): Failed opening required '/home/arduinop/public_html/my.arduinopagalba.lt/../arduino_test/vendor/autoload.php' (include_path='.:/opt/alt/php72/usr/share/pear') in /home/arduinop/public_html/my.arduinopagalba.lt/index.php on line 24
[16-Dec-2020 19:01:16 UTC] PHP Warning:  require(/home/arduinop/public_html/my.arduinopagalba.lt/../arduino_test/vendor/autoload.php): failed to open stream: No such file or directory in /home/arduinop/public_html/my.arduinopagalba.lt/index.php on line 24
[16-Dec-2020 19:01:16 UTC] PHP Warning:  require(/home/arduinop/public_html/my.arduinopagalba.lt/../arduino_test/vendor/autoload.php): failed to open stream: No such file or directory in /home/arduinop/public_html/my.arduinopagalba.lt/index.php on line 24
[16-Dec-2020 19:01:16 UTC] PHP Fatal error:  require(): Failed opening required '/home/arduinop/public_html/my.arduinopagalba.lt/../arduino_test/vendor/autoload.php' (include_path='.:/opt/alt/php72/usr/share/pear') in /home/arduinop/public_html/my.arduinopagalba.lt/index.php on line 24
[16-Dec-2020 19:02:24 UTC] PHP Warning:  require(/home/arduinop/public_html/my.arduinopagalba.lt/../arduino_test/vendor/autoload.php): failed to open stream: No such file or directory in /home/arduinop/public_html/my.arduinopagalba.lt/index.php on line 24
[16-Dec-2020 19:02:24 UTC] PHP Warning:  require(/home/arduinop/public_html/my.arduinopagalba.lt/../arduino_test/vendor/autoload.php): failed to open stream: No such file or directory in /home/arduinop/public_html/my.arduinopagalba.lt/index.php on line 24
[16-Dec-2020 19:02:24 UTC] PHP Fatal error:  require(): Failed opening required '/home/arduinop/public_html/my.arduinopagalba.lt/../arduino_test/vendor/autoload.php' (include_path='.:/opt/alt/php72/usr/share/pear') in /home/arduinop/public_html/my.arduinopagalba.lt/index.php on line 24
[16-Dec-2020 19:15:46 UTC] PHP Warning:  require(/home/arduinop/public_html/my.arduinopagalba.lt/../arduino_test/vendor/autoload.php): failed to open stream: No such file or directory in /home/arduinop/public_html/my.arduinopagalba.lt/index.php on line 24
[16-Dec-2020 19:15:46 UTC] PHP Warning:  require(/home/arduinop/public_html/my.arduinopagalba.lt/../arduino_test/vendor/autoload.php): failed to open stream: No such file or directory in /home/arduinop/public_html/my.arduinopagalba.lt/index.php on line 24
[16-Dec-2020 19:15:46 UTC] PHP Fatal error:  require(): Failed opening required '/home/arduinop/public_html/my.arduinopagalba.lt/../arduino_test/vendor/autoload.php' (include_path='.:/opt/alt/php72/usr/share/pear') in /home/arduinop/public_html/my.arduinopagalba.lt/index.php on line 24
[16-Dec-2020 20:33:37 UTC] PHP Warning:  require(/home/arduinop/public_html/my.arduinopagalba.lt/../arduino_test/vendor/autoload.php): failed to open stream: No such file or directory in /home/arduinop/public_html/my.arduinopagalba.lt/index.php on line 24
[16-Dec-2020 20:33:37 UTC] PHP Warning:  require(/home/arduinop/public_html/my.arduinopagalba.lt/../arduino_test/vendor/autoload.php): failed to open stream: No such file or directory in /home/arduinop/public_html/my.arduinopagalba.lt/index.php on line 24
[16-Dec-2020 20:33:37 UTC] PHP Fatal error:  require(): Failed opening required '/home/arduinop/public_html/my.arduinopagalba.lt/../arduino_test/vendor/autoload.php' (include_path='.:/opt/alt/php72/usr/share/pear') in /home/arduinop/public_html/my.arduinopagalba.lt/index.php on line 24
[16-Dec-2020 20:55:56 UTC] PHP Warning:  require(/home/arduinop/public_html/my.arduinopagalba.lt/../arduino_test/vendor/autoload.php): failed to open stream: No such file or directory in /home/arduinop/public_html/my.arduinopagalba.lt/index.php on line 24
[16-Dec-2020 20:55:56 UTC] PHP Warning:  require(/home/arduinop/public_html/my.arduinopagalba.lt/../arduino_test/vendor/autoload.php): failed to open stream: No such file or directory in /home/arduinop/public_html/my.arduinopagalba.lt/index.php on line 24
[16-Dec-2020 20:55:56 UTC] PHP Fatal error:  require(): Failed opening required '/home/arduinop/public_html/my.arduinopagalba.lt/../arduino_test/vendor/autoload.php' (include_path='.:/opt/alt/php72/usr/share/pear') in /home/arduinop/public_html/my.arduinopagalba.lt/index.php on line 24
[16-Dec-2020 22:41:32 UTC] PHP Warning:  require(/home/arduinop/public_html/my.arduinopagalba.lt/../arduino_test/vendor/autoload.php): failed to open stream: No such file or directory in /home/arduinop/public_html/my.arduinopagalba.lt/index.php on line 24
[16-Dec-2020 22:41:32 UTC] PHP Warning:  require(/home/arduinop/public_html/my.arduinopagalba.lt/../arduino_test/vendor/autoload.php): failed to open stream: No such file or directory in /home/arduinop/public_html/my.arduinopagalba.lt/index.php on line 24
[16-Dec-2020 22:41:32 UTC] PHP Fatal error:  require(): Failed opening required '/home/arduinop/public_html/my.arduinopagalba.lt/../arduino_test/vendor/autoload.php' (include_path='.:/opt/alt/php72/usr/share/pear') in /home/arduinop/public_html/my.arduinopagalba.lt/index.php on line 24
[17-Dec-2020 08:09:46 UTC] PHP Warning:  require(/home/arduinop/public_html/my.arduinopagalba.lt/../arduino_test/vendor/autoload.php): failed to open stream: No such file or directory in /home/arduinop/public_html/my.arduinopagalba.lt/index.php on line 24
[17-Dec-2020 08:09:46 UTC] PHP Warning:  require(/home/arduinop/public_html/my.arduinopagalba.lt/../arduino_test/vendor/autoload.php): failed to open stream: No such file or directory in /home/arduinop/public_html/my.arduinopagalba.lt/index.php on line 24
[17-Dec-2020 08:09:46 UTC] PHP Fatal error:  require(): Failed opening required '/home/arduinop/public_html/my.arduinopagalba.lt/../arduino_test/vendor/autoload.php' (include_path='.:/opt/alt/php72/usr/share/pear') in /home/arduinop/public_html/my.arduinopagalba.lt/index.php on line 24
[17-Dec-2020 08:19:43 UTC] PHP Warning:  require(/home/arduinop/public_html/my.arduinopagalba.lt/../arduino_test/vendor/autoload.php): failed to open stream: No such file or directory in /home/arduinop/public_html/my.arduinopagalba.lt/index.php on line 24
[17-Dec-2020 08:19:43 UTC] PHP Warning:  require(/home/arduinop/public_html/my.arduinopagalba.lt/../arduino_test/vendor/autoload.php): failed to open stream: No such file or directory in /home/arduinop/public_html/my.arduinopagalba.lt/index.php on line 24
[17-Dec-2020 08:19:43 UTC] PHP Fatal error:  require(): Failed opening required '/home/arduinop/public_html/my.arduinopagalba.lt/../arduino_test/vendor/autoload.php' (include_path='.:/opt/alt/php72/usr/share/pear') in /home/arduinop/public_html/my.arduinopagalba.lt/index.php on line 24
[17-Dec-2020 08:32:55 UTC] PHP Warning:  require(/home/arduinop/public_html/my.arduinopagalba.lt/../arduino_test/vendor/autoload.php): failed to open stream: No such file or directory in /home/arduinop/public_html/my.arduinopagalba.lt/index.php on line 24
[17-Dec-2020 08:32:55 UTC] PHP Warning:  require(/home/arduinop/public_html/my.arduinopagalba.lt/../arduino_test/vendor/autoload.php): failed to open stream: No such file or directory in /home/arduinop/public_html/my.arduinopagalba.lt/index.php on line 24
[17-Dec-2020 08:32:55 UTC] PHP Fatal error:  require(): Failed opening required '/home/arduinop/public_html/my.arduinopagalba.lt/../arduino_test/vendor/autoload.php' (include_path='.:/opt/alt/php72/usr/share/pear') in /home/arduinop/public_html/my.arduinopagalba.lt/index.php on line 24
[17-Dec-2020 08:37:09 UTC] PHP Warning:  require(/home/arduinop/public_html/my.arduinopagalba.lt/../arduino_test/vendor/autoload.php): failed to open stream: No such file or directory in /home/arduinop/public_html/my.arduinopagalba.lt/index.php on line 24
[17-Dec-2020 08:37:09 UTC] PHP Warning:  require(/home/arduinop/public_html/my.arduinopagalba.lt/../arduino_test/vendor/autoload.php): failed to open stream: No such file or directory in /home/arduinop/public_html/my.arduinopagalba.lt/index.php on line 24
[17-Dec-2020 08:37:09 UTC] PHP Fatal error:  require(): Failed opening required '/home/arduinop/public_html/my.arduinopagalba.lt/../arduino_test/vendor/autoload.php' (include_path='.:/opt/alt/php72/usr/share/pear') in /home/arduinop/public_html/my.arduinopagalba.lt/index.php on line 24
[20-Dec-2020 14:22:11 UTC] PHP Warning:  require(/home/arduinop/public_html/my.arduinopagalba.lt/../arduino_test/vendor/autoload.php): failed to open stream: No such file or directory in /home/arduinop/public_html/my.arduinopagalba.lt/index.php on line 24
[20-Dec-2020 14:22:11 UTC] PHP Warning:  require(/home/arduinop/public_html/my.arduinopagalba.lt/../arduino_test/vendor/autoload.php): failed to open stream: No such file or directory in /home/arduinop/public_html/my.arduinopagalba.lt/index.php on line 24
[20-Dec-2020 14:22:11 UTC] PHP Fatal error:  require(): Failed opening required '/home/arduinop/public_html/my.arduinopagalba.lt/../arduino_test/vendor/autoload.php' (include_path='.:/opt/alt/php72/usr/share/pear') in /home/arduinop/public_html/my.arduinopagalba.lt/index.php on line 24
[22-Dec-2020 06:51:01 UTC] PHP Warning:  require(/home/arduinop/public_html/my.arduinopagalba.lt/../arduino_test/vendor/autoload.php): failed to open stream: No such file or directory in /home/arduinop/public_html/my.arduinopagalba.lt/index.php on line 24
[22-Dec-2020 06:51:01 UTC] PHP Warning:  require(/home/arduinop/public_html/my.arduinopagalba.lt/../arduino_test/vendor/autoload.php): failed to open stream: No such file or directory in /home/arduinop/public_html/my.arduinopagalba.lt/index.php on line 24
[22-Dec-2020 06:51:01 UTC] PHP Fatal error:  require(): Failed opening required '/home/arduinop/public_html/my.arduinopagalba.lt/../arduino_test/vendor/autoload.php' (include_path='.:/opt/alt/php72/usr/share/pear') in /home/arduinop/public_html/my.arduinopagalba.lt/index.php on line 24
[22-Dec-2020 15:27:59 UTC] PHP Warning:  require(/home/arduinop/public_html/my.arduinopagalba.lt/../arduino_test/vendor/autoload.php): failed to open stream: No such file or directory in /home/arduinop/public_html/my.arduinopagalba.lt/index.php on line 24
[22-Dec-2020 15:27:59 UTC] PHP Warning:  require(/home/arduinop/public_html/my.arduinopagalba.lt/../arduino_test/vendor/autoload.php): failed to open stream: No such file or directory in /home/arduinop/public_html/my.arduinopagalba.lt/index.php on line 24
[22-Dec-2020 15:27:59 UTC] PHP Fatal error:  require(): Failed opening required '/home/arduinop/public_html/my.arduinopagalba.lt/../arduino_test/vendor/autoload.php' (include_path='.:/opt/alt/php72/usr/share/pear') in /home/arduinop/public_html/my.arduinopagalba.lt/index.php on line 24
[23-Dec-2020 14:57:51 UTC] PHP Warning:  require(/home/arduinop/public_html/my.arduinopagalba.lt/../arduino_test/vendor/autoload.php): failed to open stream: No such file or directory in /home/arduinop/public_html/my.arduinopagalba.lt/index.php on line 24
[23-Dec-2020 14:57:51 UTC] PHP Warning:  require(/home/arduinop/public_html/my.arduinopagalba.lt/../arduino_test/vendor/autoload.php): failed to open stream: No such file or directory in /home/arduinop/public_html/my.arduinopagalba.lt/index.php on line 24
[23-Dec-2020 14:57:51 UTC] PHP Fatal error:  require(): Failed opening required '/home/arduinop/public_html/my.arduinopagalba.lt/../arduino_test/vendor/autoload.php' (include_path='.:/opt/alt/php72/usr/share/pear') in /home/arduinop/public_html/my.arduinopagalba.lt/index.php on line 24
[24-Dec-2020 19:27:02 UTC] PHP Warning:  require(/home/arduinop/public_html/my.arduinopagalba.lt/../arduino_test/vendor/autoload.php): failed to open stream: No such file or directory in /home/arduinop/public_html/my.arduinopagalba.lt/index.php on line 24
[24-Dec-2020 19:27:02 UTC] PHP Warning:  require(/home/arduinop/public_html/my.arduinopagalba.lt/../arduino_test/vendor/autoload.php): failed to open stream: No such file or directory in /home/arduinop/public_html/my.arduinopagalba.lt/index.php on line 24
[24-Dec-2020 19:27:02 UTC] PHP Fatal error:  require(): Failed opening required '/home/arduinop/public_html/my.arduinopagalba.lt/../arduino_test/vendor/autoload.php' (include_path='.:/opt/alt/php72/usr/share/pear') in /home/arduinop/public_html/my.arduinopagalba.lt/index.php on line 24
[25-Dec-2020 10:34:53 UTC] PHP Warning:  require(/home/arduinop/public_html/my.arduinopagalba.lt/../arduino_test/vendor/autoload.php): failed to open stream: No such file or directory in /home/arduinop/public_html/my.arduinopagalba.lt/index.php on line 24
[25-Dec-2020 10:34:53 UTC] PHP Warning:  require(/home/arduinop/public_html/my.arduinopagalba.lt/../arduino_test/vendor/autoload.php): failed to open stream: No such file or directory in /home/arduinop/public_html/my.arduinopagalba.lt/index.php on line 24
[25-Dec-2020 10:34:53 UTC] PHP Fatal error:  require(): Failed opening required '/home/arduinop/public_html/my.arduinopagalba.lt/../arduino_test/vendor/autoload.php' (include_path='.:/opt/alt/php72/usr/share/pear') in /home/arduinop/public_html/my.arduinopagalba.lt/index.php on line 24
[27-Dec-2020 08:51:07 UTC] PHP Warning:  require(/home/arduinop/public_html/my.arduinopagalba.lt/../arduino_test/vendor/autoload.php): failed to open stream: No such file or directory in /home/arduinop/public_html/my.arduinopagalba.lt/index.php on line 24
[27-Dec-2020 08:51:07 UTC] PHP Warning:  require(/home/arduinop/public_html/my.arduinopagalba.lt/../arduino_test/vendor/autoload.php): failed to open stream: No such file or directory in /home/arduinop/public_html/my.arduinopagalba.lt/index.php on line 24
[27-Dec-2020 08:51:07 UTC] PHP Fatal error:  require(): Failed opening required '/home/arduinop/public_html/my.arduinopagalba.lt/../arduino_test/vendor/autoload.php' (include_path='.:/opt/alt/php72/usr/share/pear') in /home/arduinop/public_html/my.arduinopagalba.lt/index.php on line 24
[27-Dec-2020 09:11:35 UTC] PHP Warning:  require(/home/arduinop/public_html/my.arduinopagalba.lt/../arduino_test/vendor/autoload.php): failed to open stream: No such file or directory in /home/arduinop/public_html/my.arduinopagalba.lt/index.php on line 24
[27-Dec-2020 09:11:35 UTC] PHP Warning:  require(/home/arduinop/public_html/my.arduinopagalba.lt/../arduino_test/vendor/autoload.php): failed to open stream: No such file or directory in /home/arduinop/public_html/my.arduinopagalba.lt/index.php on line 24
[27-Dec-2020 09:11:35 UTC] PHP Fatal error:  require(): Failed opening required '/home/arduinop/public_html/my.arduinopagalba.lt/../arduino_test/vendor/autoload.php' (include_path='.:/opt/alt/php72/usr/share/pear') in /home/arduinop/public_html/my.arduinopagalba.lt/index.php on line 24
[31-Dec-2020 06:12:52 UTC] PHP Warning:  require(/home/arduinop/public_html/my.arduinopagalba.lt/../arduino_test/vendor/autoload.php): failed to open stream: No such file or directory in /home/arduinop/public_html/my.arduinopagalba.lt/index.php on line 24
[31-Dec-2020 06:12:52 UTC] PHP Warning:  require(/home/arduinop/public_html/my.arduinopagalba.lt/../arduino_test/vendor/autoload.php): failed to open stream: No such file or directory in /home/arduinop/public_html/my.arduinopagalba.lt/index.php on line 24
[31-Dec-2020 06:12:52 UTC] PHP Fatal error:  require(): Failed opening required '/home/arduinop/public_html/my.arduinopagalba.lt/../arduino_test/vendor/autoload.php' (include_path='.:/opt/alt/php72/usr/share/pear') in /home/arduinop/public_html/my.arduinopagalba.lt/index.php on line 24
[31-Dec-2020 07:17:59 UTC] PHP Warning:  require(/home/arduinop/public_html/my.arduinopagalba.lt/../arduino_test/vendor/autoload.php): failed to open stream: No such file or directory in /home/arduinop/public_html/my.arduinopagalba.lt/index.php on line 24
[31-Dec-2020 07:17:59 UTC] PHP Warning:  require(/home/arduinop/public_html/my.arduinopagalba.lt/../arduino_test/vendor/autoload.php): failed to open stream: No such file or directory in /home/arduinop/public_html/my.arduinopagalba.lt/index.php on line 24
[31-Dec-2020 07:17:59 UTC] PHP Fatal error:  require(): Failed opening required '/home/arduinop/public_html/my.arduinopagalba.lt/../arduino_test/vendor/autoload.php' (include_path='.:/opt/alt/php72/usr/share/pear') in /home/arduinop/public_html/my.arduinopagalba.lt/index.php on line 24
[31-Dec-2020 09:54:02 UTC] PHP Warning:  require(/home/arduinop/public_html/my.arduinopagalba.lt/../arduino_test/vendor/autoload.php): failed to open stream: No such file or directory in /home/arduinop/public_html/my.arduinopagalba.lt/index.php on line 24
[31-Dec-2020 09:54:02 UTC] PHP Warning:  require(/home/arduinop/public_html/my.arduinopagalba.lt/../arduino_test/vendor/autoload.php): failed to open stream: No such file or directory in /home/arduinop/public_html/my.arduinopagalba.lt/index.php on line 24
[31-Dec-2020 09:54:02 UTC] PHP Fatal error:  require(): Failed opening required '/home/arduinop/public_html/my.arduinopagalba.lt/../arduino_test/vendor/autoload.php' (include_path='.:/opt/alt/php72/usr/share/pear') in /home/arduinop/public_html/my.arduinopagalba.lt/index.php on line 24
[31-Dec-2020 11:01:32 UTC] PHP Warning:  require(/home/arduinop/public_html/my.arduinopagalba.lt/../arduino_test/vendor/autoload.php): failed to open stream: No such file or directory in /home/arduinop/public_html/my.arduinopagalba.lt/index.php on line 24
[31-Dec-2020 11:01:32 UTC] PHP Warning:  require(/home/arduinop/public_html/my.arduinopagalba.lt/../arduino_test/vendor/autoload.php): failed to open stream: No such file or directory in /home/arduinop/public_html/my.arduinopagalba.lt/index.php on line 24
[31-Dec-2020 11:01:32 UTC] PHP Fatal error:  require(): Failed opening required '/home/arduinop/public_html/my.arduinopagalba.lt/../arduino_test/vendor/autoload.php' (include_path='.:/opt/alt/php72/usr/share/pear') in /home/arduinop/public_html/my.arduinopagalba.lt/index.php on line 24
[31-Dec-2020 11:57:39 UTC] PHP Warning:  require(/home/arduinop/public_html/my.arduinopagalba.lt/../arduino_test/vendor/autoload.php): failed to open stream: No such file or directory in /home/arduinop/public_html/my.arduinopagalba.lt/index.php on line 24
[31-Dec-2020 11:57:39 UTC] PHP Warning:  require(/home/arduinop/public_html/my.arduinopagalba.lt/../arduino_test/vendor/autoload.php): failed to open stream: No such file or directory in /home/arduinop/public_html/my.arduinopagalba.lt/index.php on line 24
[31-Dec-2020 11:57:39 UTC] PHP Fatal error:  require(): Failed opening required '/home/arduinop/public_html/my.arduinopagalba.lt/../arduino_test/vendor/autoload.php' (include_path='.:/opt/alt/php72/usr/share/pear') in /home/arduinop/public_html/my.arduinopagalba.lt/index.php on line 24
[05-Jan-2021 14:13:26 UTC] PHP Fatal error:  Cannot use Illuminate\Support\Facades\Request as Request because the name is already in use in /home/arduinop/public_html/my.arduinopagalba.lt/app/Http/Controllers/LessonController.php on line 9
[06-Feb-2021 17:29:41 UTC] PHP Fatal error:  Cannot use Illuminate\Http\Request as Request because the name is already in use in /home/arduinop/public_html/my.arduinopagalba.lt/app/Http/Controllers/PostsController.php on line 9
[08-Feb-2021 19:14:56 UTC] PHP Fatal error:  Cannot use $this as parameter in /home/arduinop/public_html/my.arduinopagalba.lt/app/Http/Controllers/PostsController.php on line 247
[05-Mar-2021 11:12:09 UTC] PHP Fatal error:  Cannot use Illuminate\Http\Request as Request because the name is already in use in /home/arduinop/public_html/my.arduinopagalba.lt/app/Http/Controllers/AdminController.php on line 6
[05-Mar-2021 12:50:39 UTC] PHP Warning:  symlink(): No such file or directory in /home/arduinop/public_html/my.arduinopagalba.lt/public/symlink.php on line 5
[05-Mar-2021 13:18:32 UTC] PHP Fatal error:  Uncaught RuntimeException: A facade root has not been set. in /home/arduinop/public_html/my.arduinopagalba.lt/vendor/laravel/framework/src/Illuminate/Support/Facades/Facade.php:258
Stack trace:
#0 /home/arduinop/public_html/my.arduinopagalba.lt/vendor/laravel/framework/src/Illuminate/Foundation/Exceptions/Handler.php(425): Illuminate\Support\Facades\Facade::__callStatic('replaceNamespac...', Array)
#1 /home/arduinop/public_html/my.arduinopagalba.lt/vendor/laravel/framework/src/Illuminate/Foundation/Exceptions/Handler.php(402): Illuminate\Foundation\Exceptions\Handler->registerErrorViewPaths()
#2 /home/arduinop/public_html/my.arduinopagalba.lt/vendor/laravel/framework/src/Illuminate/Foundation/Exceptions/Handler.php(313): Illuminate\Foundation\Exceptions\Handler->renderHttpException(Object(Symfony\Component\HttpKernel\Exception\HttpException))
#3 /home/arduinop/public_html/my.arduinopagalba.lt/vendor/laravel/framework/src/Illuminate/Foundation/Exceptions/Handler.php(210): Illuminate\Foundation\Exceptions\Handl in /home/arduinop/public_html/my.arduinopagalba.lt/vendor/laravel/framework/src/Illuminate/Support/Facades/Facade.php on line 258
[05-Mar-2021 13:18:36 UTC] PHP Fatal error:  Uncaught RuntimeException: A facade root has not been set. in /home/arduinop/public_html/my.arduinopagalba.lt/vendor/laravel/framework/src/Illuminate/Support/Facades/Facade.php:258
Stack trace:
#0 /home/arduinop/public_html/my.arduinopagalba.lt/vendor/laravel/framework/src/Illuminate/Foundation/Exceptions/Handler.php(425): Illuminate\Support\Facades\Facade::__callStatic('replaceNamespac...', Array)
#1 /home/arduinop/public_html/my.arduinopagalba.lt/vendor/laravel/framework/src/Illuminate/Foundation/Exceptions/Handler.php(402): Illuminate\Foundation\Exceptions\Handler->registerErrorViewPaths()
#2 /home/arduinop/public_html/my.arduinopagalba.lt/vendor/laravel/framework/src/Illuminate/Foundation/Exceptions/Handler.php(313): Illuminate\Foundation\Exceptions\Handler->renderHttpException(Object(Symfony\Component\HttpKernel\Exception\HttpException))
#3 /home/arduinop/public_html/my.arduinopagalba.lt/vendor/laravel/framework/src/Illuminate/Foundation/Exceptions/Handler.php(210): Illuminate\Foundation\Exceptions\Handl in /home/arduinop/public_html/my.arduinopagalba.lt/vendor/laravel/framework/src/Illuminate/Support/Facades/Facade.php on line 258
[05-Mar-2021 13:20:13 UTC] PHP Fatal error:  Uncaught RuntimeException: A facade root has not been set. in /home/arduinop/public_html/my.arduinopagalba.lt/vendor/laravel/framework/src/Illuminate/Support/Facades/Facade.php:258
Stack trace:
#0 /home/arduinop/public_html/my.arduinopagalba.lt/vendor/laravel/framework/src/Illuminate/Foundation/Exceptions/Handler.php(425): Illuminate\Support\Facades\Facade::__callStatic('replaceNamespac...', Array)
#1 /home/arduinop/public_html/my.arduinopagalba.lt/vendor/laravel/framework/src/Illuminate/Foundation/Exceptions/Handler.php(402): Illuminate\Foundation\Exceptions\Handler->registerErrorViewPaths()
#2 /home/arduinop/public_html/my.arduinopagalba.lt/vendor/laravel/framework/src/Illuminate/Foundation/Exceptions/Handler.php(313): Illuminate\Foundation\Exceptions\Handler->renderHttpException(Object(Symfony\Component\HttpKernel\Exception\HttpException))
#3 /home/arduinop/public_html/my.arduinopagalba.lt/vendor/laravel/framework/src/Illuminate/Foundation/Exceptions/Handler.php(210): Illuminate\Foundation\Exceptions\Handl in /home/arduinop/public_html/my.arduinopagalba.lt/vendor/laravel/framework/src/Illuminate/Support/Facades/Facade.php on line 258
[05-Mar-2021 14:09:18 UTC] PHP Fatal error:  Uncaught RuntimeException: A facade root has not been set. in /home/arduinop/public_html/my.arduinopagalba.lt/vendor/laravel/framework/src/Illuminate/Support/Facades/Facade.php:258
Stack trace:
#0 /home/arduinop/public_html/my.arduinopagalba.lt/vendor/laravel/framework/src/Illuminate/Foundation/Exceptions/Handler.php(425): Illuminate\Support\Facades\Facade::__callStatic('replaceNamespac...', Array)
#1 /home/arduinop/public_html/my.arduinopagalba.lt/vendor/laravel/framework/src/Illuminate/Foundation/Exceptions/Handler.php(402): Illuminate\Foundation\Exceptions\Handler->registerErrorViewPaths()
#2 /home/arduinop/public_html/my.arduinopagalba.lt/vendor/laravel/framework/src/Illuminate/Foundation/Exceptions/Handler.php(313): Illuminate\Foundation\Exceptions\Handler->renderHttpException(Object(Symfony\Component\HttpKernel\Exception\HttpException))
#3 /home/arduinop/public_html/my.arduinopagalba.lt/vendor/laravel/framework/src/Illuminate/Foundation/Exceptions/Handler.php(210): Illuminate\Foundation\Exceptions\Handl in /home/arduinop/public_html/my.arduinopagalba.lt/vendor/laravel/framework/src/Illuminate/Support/Facades/Facade.php on line 258
[05-Mar-2021 14:09:26 UTC] PHP Fatal error:  Uncaught RuntimeException: A facade root has not been set. in /home/arduinop/public_html/my.arduinopagalba.lt/vendor/laravel/framework/src/Illuminate/Support/Facades/Facade.php:258
Stack trace:
#0 /home/arduinop/public_html/my.arduinopagalba.lt/vendor/laravel/framework/src/Illuminate/Foundation/Exceptions/Handler.php(425): Illuminate\Support\Facades\Facade::__callStatic('replaceNamespac...', Array)
#1 /home/arduinop/public_html/my.arduinopagalba.lt/vendor/laravel/framework/src/Illuminate/Foundation/Exceptions/Handler.php(402): Illuminate\Foundation\Exceptions\Handler->registerErrorViewPaths()
#2 /home/arduinop/public_html/my.arduinopagalba.lt/vendor/laravel/framework/src/Illuminate/Foundation/Exceptions/Handler.php(313): Illuminate\Foundation\Exceptions\Handler->renderHttpException(Object(Symfony\Component\HttpKernel\Exception\HttpException))
#3 /home/arduinop/public_html/my.arduinopagalba.lt/vendor/laravel/framework/src/Illuminate/Foundation/Exceptions/Handler.php(210): Illuminate\Foundation\Exceptions\Handl in /home/arduinop/public_html/my.arduinopagalba.lt/vendor/laravel/framework/src/Illuminate/Support/Facades/Facade.php on line 258
[05-Mar-2021 14:09:40 UTC] PHP Fatal error:  Uncaught RuntimeException: A facade root has not been set. in /home/arduinop/public_html/my.arduinopagalba.lt/vendor/laravel/framework/src/Illuminate/Support/Facades/Facade.php:258
Stack trace:
#0 /home/arduinop/public_html/my.arduinopagalba.lt/vendor/laravel/framework/src/Illuminate/Foundation/Exceptions/Handler.php(425): Illuminate\Support\Facades\Facade::__callStatic('replaceNamespac...', Array)
#1 /home/arduinop/public_html/my.arduinopagalba.lt/vendor/laravel/framework/src/Illuminate/Foundation/Exceptions/Handler.php(402): Illuminate\Foundation\Exceptions\Handler->registerErrorViewPaths()
#2 /home/arduinop/public_html/my.arduinopagalba.lt/vendor/laravel/framework/src/Illuminate/Foundation/Exceptions/Handler.php(313): Illuminate\Foundation\Exceptions\Handler->renderHttpException(Object(Symfony\Component\HttpKernel\Exception\HttpException))
#3 /home/arduinop/public_html/my.arduinopagalba.lt/vendor/laravel/framework/src/Illuminate/Foundation/Exceptions/Handler.php(210): Illuminate\Foundation\Exceptions\Handl in /home/arduinop/public_html/my.arduinopagalba.lt/vendor/laravel/framework/src/Illuminate/Support/Facades/Facade.php on line 258
[05-Mar-2021 14:09:46 UTC] PHP Fatal error:  Uncaught RuntimeException: A facade root has not been set. in /home/arduinop/public_html/my.arduinopagalba.lt/vendor/laravel/framework/src/Illuminate/Support/Facades/Facade.php:258
Stack trace:
#0 /home/arduinop/public_html/my.arduinopagalba.lt/vendor/laravel/framework/src/Illuminate/Foundation/Exceptions/Handler.php(425): Illuminate\Support\Facades\Facade::__callStatic('replaceNamespac...', Array)
#1 /home/arduinop/public_html/my.arduinopagalba.lt/vendor/laravel/framework/src/Illuminate/Foundation/Exceptions/Handler.php(402): Illuminate\Foundation\Exceptions\Handler->registerErrorViewPaths()
#2 /home/arduinop/public_html/my.arduinopagalba.lt/vendor/laravel/framework/src/Illuminate/Foundation/Exceptions/Handler.php(313): Illuminate\Foundation\Exceptions\Handler->renderHttpException(Object(Symfony\Component\HttpKernel\Exception\HttpException))
#3 /home/arduinop/public_html/my.arduinopagalba.lt/vendor/laravel/framework/src/Illuminate/Foundation/Exceptions/Handler.php(210): Illuminate\Foundation\Exceptions\Handl in /home/arduinop/public_html/my.arduinopagalba.lt/vendor/laravel/framework/src/Illuminate/Support/Facades/Facade.php on line 258
[03-Apr-2021 12:35:09 UTC] PHP Fatal error:  Maximum execution time of 30 seconds exceeded in /home/arduinop/public_html/my.arduinopagalba.lt/vendor/laravel/framework/src/Illuminate/Database/Connection.php on line 331
[03-Apr-2021 12:35:13 UTC] PHP Fatal error:  Maximum execution time of 30 seconds exceeded in /home/arduinop/public_html/my.arduinopagalba.lt/vendor/laravel/framework/src/Illuminate/Database/Connection.php on line 335
[03-Apr-2021 12:35:36 UTC] PHP Fatal error:  Maximum execution time of 30 seconds exceeded in /home/arduinop/public_html/my.arduinopagalba.lt/vendor/laravel/framework/src/Illuminate/Support/Traits/EnumeratesValues.php on line 830
[03-Apr-2021 12:35:47 UTC] PHP Fatal error:  Maximum execution time of 30 seconds exceeded in /home/arduinop/public_html/my.arduinopagalba.lt/vendor/laravel/framework/src/Illuminate/Support/Arr.php on line 215
[03-Apr-2021 12:44:50 UTC] PHP Fatal error:  Cannot use [] for reading in /home/arduinop/public_html/my.arduinopagalba.lt/app/Http/Controllers/AdminController.php on line 169
[03-Apr-2021 16:42:10 UTC] PHP Fatal error:  Maximum execution time of 30 seconds exceeded in /home/arduinop/public_html/my.arduinopagalba.lt/vendor/laravel/framework/src/Illuminate/Database/Eloquent/Model.php on line 1079
[03-Apr-2021 16:43:54 UTC] PHP Fatal error:  Maximum execution time of 30 seconds exceeded in /home/arduinop/public_html/my.arduinopagalba.lt/vendor/laravel/framework/src/Illuminate/Support/Str.php on line 177
[03-Apr-2021 16:45:49 UTC] PHP Fatal error:  Maximum execution time of 30 seconds exceeded in /home/arduinop/public_html/my.arduinopagalba.lt/vendor/laravel/framework/src/Illuminate/Database/Eloquent/Concerns/GuardsAttributes.php on line 187
[03-Apr-2021 16:46:09 UTC] PHP Fatal error:  Maximum execution time of 30 seconds exceeded in /home/arduinop/public_html/my.arduinopagalba.lt/vendor/laravel/framework/src/Illuminate/Database/Connection.php on line 331
[03-Apr-2021 16:47:50 UTC] PHP Fatal error:  Maximum execution time of 30 seconds exceeded in /home/arduinop/public_html/my.arduinopagalba.lt/vendor/laravel/framework/src/Illuminate/Events/Dispatcher.php on line 340
[04-Apr-2021 14:53:43 UTC] PHP Fatal error:  Cannot use [] for reading in /home/arduinop/public_html/my.arduinopagalba.lt/storage/framework/views/ea7a6443d1000fdaeca602e59d3dbaebcd332ed0.php on line 125
[31-May-2021 16:58:16 UTC] PHP Fatal error:  Constant expression contains invalid operations in /home/arduinop/public_html/my.arduinopagalba.lt/app/Http/Controllers/Auth/LoginController.php on line 33
[31-May-2021 16:58:17 UTC] PHP Fatal error:  Constant expression contains invalid operations in /home/arduinop/public_html/my.arduinopagalba.lt/app/Http/Controllers/Auth/LoginController.php on line 33
[31-May-2021 16:59:11 UTC] PHP Fatal error:  Constant expression contains invalid operations in /home/arduinop/public_html/my.arduinopagalba.lt/app/Providers/RouteServiceProvider.php on line 24
[31-May-2021 17:08:00 UTC] PHP Fatal error:  Trait 'AuthenticatesUsers' not found in /home/arduinop/public_html/my.arduinopagalba.lt/app/Http/Controllers/Auth/LoginController.php on line 26
[02-Sep-2021 07:59:05 UTC] PHP Warning:  require(/home/arduinop/public_html/../vendor/autoload.php): failed to open stream: No such file or directory in /home/arduinop/public_html/index.php on line 24
[02-Sep-2021 07:59:05 UTC] PHP Fatal error:  require(): Failed opening required '/home/arduinop/public_html/../vendor/autoload.php' (include_path='.:/opt/alt/php74/usr/share/pear') in /home/arduinop/public_html/index.php on line 24
[02-Sep-2021 07:59:08 UTC] PHP Warning:  require(/home/arduinop/public_html/../vendor/autoload.php): failed to open stream: No such file or directory in /home/arduinop/public_html/index.php on line 24
[02-Sep-2021 07:59:08 UTC] PHP Fatal error:  require(): Failed opening required '/home/arduinop/public_html/../vendor/autoload.php' (include_path='.:/opt/alt/php74/usr/share/pear') in /home/arduinop/public_html/index.php on line 24
[15-Sep-2021 18:39:57 UTC] PHP Fatal error:  Allowed memory size of 134217728 bytes exhausted (tried to allocate 36223808 bytes) in /home/arduinop/arduino/vendor/laravel/framework/src/Illuminate/View/Compilers/BladeCompiler.php on line 232
